22/11/17 14:44:00 INFO Credits$: Starting credits app.
22/11/17 14:44:04 INFO Credits$: Converting DF to DS
22/11/17 14:44:05 INFO Credits$: DF to DS converted
22/11/17 14:44:05 INFO Credits$: Converting DS to RDD
22/11/17 14:44:06 INFO Credits$: RecordCaseClassSchema(9,108,pttuz,9,70,false)
22/11/17 14:44:06 INFO Credits$: RecordCaseClassSchema(1,100,fvatt,1,57,true)
22/11/17 14:44:06 INFO Credits$: RecordCaseClassSchema(4,103,dedfj,4,57,false)
22/11/17 14:44:06 INFO Credits$: RecordCaseClassSchema(3,102,rmehh,3,112,false)
22/11/17 14:44:06 INFO Credits$: RecordCaseClassSchema(2,101,pruig,2,116,false)
22/11/17 14:44:06 INFO Credits$: RecordCaseClassSchema(8,107,utjfw,8,92,true)
22/11/17 14:44:06 INFO Credits$: RecordCaseClassSchema(6,105,hwzwy,6,76,false)
22/11/17 14:44:06 INFO Credits$: RecordCaseClassSchema(5,104,xdihl,5,51,false)
22/11/17 14:44:06 INFO Credits$: RecordCaseClassSchema(7,106,conrt,7,138,false)
22/11/17 14:44:06 INFO Credits$: RecordCaseClassSchema(10,109,vtwlu,10,69,true)
22/11/17 14:44:06 INFO Credits$: DS to RDD converted
22/11/17 14:44:06 INFO Credits$: Converting RDD to DS
22/11/17 14:44:06 INFO Credits$: Converted RDD to DS
22/11/17 14:44:06 INFO Credits$: Converting RDD to DF
22/11/17 14:44:06 INFO Credits$: Converted RDD to DF
22/11/17 14:44:06 INFO Credits$: Shutting down credits app.
